<?xml version="1.0" encoding="UTF-8"?>
<!-- Generated by org.testng.reporters.JUnitReportReporter -->
<testsuite skipped="0" hostname="LP-5CD6518TWJ" name="testngFiles.Annot2" tests="1" failures="0" timestamp="2021-01-20T14:25:04 IST" time="0.000" errors="0">
  <testcase name="software" time="0.000" classname="testngFiles.Annot2"/>
  <system-out/>
</testsuite> <!-- testngFiles.Annot2 -->
