<?xml version="1.0" encoding="UTF-8"?>
<!-- Generated by org.testng.reporters.JUnitReportReporter -->
<testsuite skipped="0" hostname="LP-5CD6518TWJ" name="testngFiles.Annotations" tests="2" failures="0" timestamp="2021-01-20T14:25:04 IST" time="0.007" errors="0">
  <testcase name="OpeningBrowser" time="0.000" classname="testngFiles.Annotations"/>
  <system-out/>
  <testcase name="FlightBooking" time="0.007" classname="testngFiles.Annotations"/>
  <system-out/>
</testsuite> <!-- testngFiles.Annotations -->
