<?xml version="1.0" encoding="UTF-8"?>
<!-- Generated by org.testng.reporters.JUnitReportReporter -->
<testsuite skipped="0" hostname="LP-5CD6518TWJ" name="Banking.AppTest" tests="3" failures="0" timestamp="2021-01-20T14:23:20 IST" time="0.005" errors="0">
  <testcase name="FlightCancel" time="0.001" classname="Banking.AppTest"/>
  <system-out/>
  <testcase name="FlightBooking" time="0.003" classname="Banking.AppTest"/>
  <system-out/>
  <testcase name="OpeningBrowser" time="0.001" classname="Banking.AppTest"/>
  <system-out/>
</testsuite> <!-- Banking.AppTest -->
